<?xml version="1.0" encoding="UTF-8"?>
<!-- Generated by org.testng.reporters.JUnitReportReporter -->
<testsuite skipped="0" hostname="VARSHA" name="Runners.runner" tests="1" failures="0" timestamp="2020-07-28T17:43:32 PDT" time="30.964" errors="0">
  <testcase name="feature" time="30.964" classname="Runners.runner"/>
  <system-out/>
</testsuite> <!-- Runners.runner -->
